<?xml version="1.0" encoding="UTF-8"?>
<testsuite name="webTests.CardTests" tests="1" skipped="0" failures="0" errors="0" timestamp="2025-02-06T21:37:07" hostname="USER-NOTE" time="0.493">
  <properties/>
  <testcase name="validateItemCard" classname="webTests.CardTests" time="0.493"/>
  <system-out><![CDATA[]]></system-out>
  <system-err><![CDATA[Starting ChromeDriver 109.0.5414.25 (771113d280dd3dda2fb422a6c805f0eb2b8ee6ed-refs/branch-heads/5414@{#303}) on port 33104
Only local connections are allowed.
Please see https://chromedriver.chromium.org/security-considerations for suggestions on keeping ChromeDriver safe.
ChromeDriver was started successfully.
fev 06, 2025 6:36:55 PM org.openqa.selenium.remote.ProtocolHandshake createSession
INFORMAÇÕES: Detected dialect: W3C
]]></system-err>
</testsuite>
