<?xml version="1.0" encoding="UTF-8"?>
<testsuite name="webTests.LoginTests" tests="1" skipped="0" failures="0" errors="0" timestamp="2025-02-02T21:41:02" hostname="USER-NOTE" time="2.069">
  <properties/>
  <testcase name="testeLoginInvalido" classname="webTests.LoginTests" time="2.069"/>
  <system-out><![CDATA[]]></system-out>
  <system-err><![CDATA[Starting ChromeDriver 109.0.5414.25 (771113d280dd3dda2fb422a6c805f0eb2b8ee6ed-refs/branch-heads/5414@{#303}) on port 19542
Only local connections are allowed.
Please see https://chromedriver.chromium.org/security-considerations for suggestions on keeping ChromeDriver safe.
ChromeDriver was started successfully.
fev 02, 2025 6:40:55 PM org.openqa.selenium.remote.ProtocolHandshake createSession
INFORMAÇÕES: Detected dialect: W3C
]]></system-err>
</testsuite>
